2025-12-31 15:02:02,980 - AttendanceService - INFO - Initializing Atlas Edge services...
2025-12-31 15:55:03,056 - AttendanceService - INFO - Initializing Atlas Edge services...
2025-12-31 15:55:50,461 - AttendanceService - INFO - Initializing Atlas Edge services...
2025-12-31 15:55:50,468 - AttendanceService - INFO - ============================================================
2025-12-31 15:55:50,468 - AttendanceService - INFO - Starting Atlas Edge Attendance Service
2025-12-31 15:55:50,469 - AttendanceService - INFO - Device: Atlas Edge
2025-12-31 15:55:50,469 - AttendanceService - INFO - Location: Main Entrance
2025-12-31 15:55:50,470 - AttendanceService - INFO - ============================================================
2025-12-31 15:55:50,535 - APISync - WARNING - Backend API unreachable: HTTPSConnectionPool(host='172.20.10.10', port=3000): Max retries exceeded with url: /health (Caused by SSLError(SSLError(1, '[SSL: RECORD_LAYER_FAILURE] record layer failure (_ssl.c:1033)')))
2025-12-31 15:55:50,536 - AttendanceService - WARNING - ✗ Backend unreachable, operating in offline mode
2025-12-31 15:55:50,538 - AttendanceService - INFO - Periodic sync thread started
2025-12-31 15:55:50,538 - AttendanceService - INFO - RFID reader ready. Waiting for cards...
2025-12-31 15:55:50,539 - RFIDReader - INFO - Starting RFID reader service...
2025-12-31 15:55:50,539 - RFIDReader - INFO - Waiting for RFID card...
2025-12-31 15:56:31,909 - AttendanceService - INFO - Initializing Atlas Edge services...
2025-12-31 15:56:31,915 - AttendanceService - INFO - ============================================================
2025-12-31 15:56:31,916 - AttendanceService - INFO - Starting Atlas Edge Attendance Service
2025-12-31 15:56:31,916 - AttendanceService - INFO - Device: Atlas Edge
2025-12-31 15:56:31,916 - AttendanceService - INFO - Location: Main Entrance
2025-12-31 15:56:31,917 - AttendanceService - INFO - ============================================================
2025-12-31 15:56:32,428 - APISync - WARNING - Backend API returned status 404
2025-12-31 15:56:32,429 - AttendanceService - WARNING - ✗ Backend unreachable, operating in offline mode
2025-12-31 15:56:32,430 - AttendanceService - INFO - Periodic sync thread started
2025-12-31 15:56:32,430 - AttendanceService - INFO - RFID reader ready. Waiting for cards...
2025-12-31 15:56:32,431 - RFIDReader - INFO - Starting RFID reader service...
2025-12-31 15:56:32,431 - RFIDReader - INFO - Waiting for RFID card...
2025-12-31 15:59:10,745 - AttendanceService - INFO - Initializing Atlas Edge services...
2025-12-31 15:59:10,749 - AttendanceService - INFO - ============================================================
2025-12-31 15:59:10,750 - AttendanceService - INFO - Starting Atlas Edge Attendance Service
2025-12-31 15:59:10,750 - AttendanceService - INFO - Device: Atlas Edge
2025-12-31 15:59:10,750 - AttendanceService - INFO - Location: Main Entrance
2025-12-31 15:59:10,750 - AttendanceService - INFO - ============================================================
2025-12-31 15:59:10,782 - APISync - WARNING - Backend API returned status 404
2025-12-31 15:59:10,782 - AttendanceService - WARNING - ✗ Backend unreachable, operating in offline mode
2025-12-31 15:59:10,783 - AttendanceService - INFO - Periodic sync thread started
2025-12-31 15:59:10,784 - AttendanceService - INFO - RFID reader ready. Waiting for cards...
2025-12-31 15:59:10,784 - RFIDReader - INFO - Starting RFID reader service...
2025-12-31 15:59:10,784 - RFIDReader - INFO - Waiting for RFID card...
2025-12-31 16:00:50,538 - AttendanceService - INFO - Running periodic sync...
2025-12-31 16:00:50,553 - APISync - WARNING - Backend API unreachable: HTTPSConnectionPool(host='172.20.10.10', port=3000): Max retries exceeded with url: /health (Caused by SSLError(SSLError(1, '[SSL: RECORD_LAYER_FAILURE] record layer failure (_ssl.c:1033)')))
2025-12-31 16:00:50,554 - AttendanceService - INFO - Backend offline, skipping sync
2025-12-31 16:01:32,430 - AttendanceService - INFO - Running periodic sync...
2025-12-31 16:01:32,511 - APISync - WARNING - Backend API returned status 404
2025-12-31 16:01:32,514 - AttendanceService - INFO - Backend offline, skipping sync
2025-12-31 16:03:09,131 - AttendanceService - INFO - Initializing Atlas Edge services...
2025-12-31 16:03:09,138 - AttendanceService - INFO - ============================================================
2025-12-31 16:03:09,138 - AttendanceService - INFO - Starting Atlas Edge Attendance Service
2025-12-31 16:03:09,138 - AttendanceService - INFO - Device: Atlas Edge
2025-12-31 16:03:09,139 - AttendanceService - INFO - Location: Main Entrance
2025-12-31 16:03:09,139 - AttendanceService - INFO - ============================================================
2025-12-31 16:03:09,160 - APISync - WARNING - Backend API returned status 404
2025-12-31 16:03:09,162 - AttendanceService - WARNING - ✗ Backend unreachable, operating in offline mode
2025-12-31 16:03:09,164 - AttendanceService - INFO - Periodic sync thread started
2025-12-31 16:03:09,165 - AttendanceService - INFO - RFID reader ready. Waiting for cards...
2025-12-31 16:03:09,165 - RFIDReader - INFO - Starting RFID reader service...
2025-12-31 16:03:09,166 - RFIDReader - INFO - Waiting for RFID card...
2025-12-31 16:06:42,291 - AttendanceService - INFO - Initializing Atlas Edge services...
2025-12-31 16:06:42,296 - AttendanceService - INFO - ============================================================
2025-12-31 16:06:42,297 - AttendanceService - INFO - Starting Atlas Edge Attendance Service
2025-12-31 16:06:42,297 - AttendanceService - INFO - Device: Atlas Edge
2025-12-31 16:06:42,297 - AttendanceService - INFO - Location: Main Entrance
2025-12-31 16:06:42,298 - AttendanceService - INFO - ============================================================
2025-12-31 16:06:42,315 - APISync - INFO - Backend API is reachable
2025-12-31 16:06:42,316 - AttendanceService - INFO - ✓ Backend connection established
2025-12-31 16:06:42,332 - APISync - ERROR - Device registration failed. Status: 401
2025-12-31 16:06:42,333 - AttendanceService - INFO - Periodic sync thread started
2025-12-31 16:06:42,334 - AttendanceService - INFO - RFID reader ready. Waiting for cards...
2025-12-31 16:06:42,334 - RFIDReader - INFO - Starting RFID reader service...
2025-12-31 16:06:42,334 - RFIDReader - INFO - Waiting for RFID card...
2025-12-31 16:08:23,204 - AttendanceService - INFO - Initializing Atlas Edge services...
2025-12-31 16:08:23,210 - AttendanceService - INFO - ============================================================
2025-12-31 16:08:23,210 - AttendanceService - INFO - Starting Atlas Edge Attendance Service
2025-12-31 16:08:23,210 - AttendanceService - INFO - Device: Atlas Edge
2025-12-31 16:08:23,211 - AttendanceService - INFO - Location: Main Entrance
2025-12-31 16:08:23,211 - AttendanceService - INFO - ============================================================
2025-12-31 16:08:23,228 - APISync - INFO - Backend API is reachable
2025-12-31 16:08:23,230 - AttendanceService - INFO - ✓ Backend connection established
2025-12-31 16:08:23,242 - APISync - ERROR - Device registration failed. Status: 401
2025-12-31 16:08:23,245 - AttendanceService - INFO - Periodic sync thread started
2025-12-31 16:08:23,245 - AttendanceService - INFO - RFID reader ready. Waiting for cards...
2025-12-31 16:08:23,246 - RFIDReader - INFO - Starting RFID reader service...
2025-12-31 16:08:23,246 - RFIDReader - INFO - Waiting for RFID card...
2025-12-31 16:09:24,889 - AttendanceService - INFO - Initializing Atlas Edge services...
2025-12-31 16:09:24,895 - AttendanceService - INFO - ============================================================
2025-12-31 16:09:24,895 - AttendanceService - INFO - Starting Atlas Edge Attendance Service
2025-12-31 16:09:24,895 - AttendanceService - INFO - Device: Atlas Edge
2025-12-31 16:09:24,896 - AttendanceService - INFO - Location: Main Entrance
2025-12-31 16:09:24,896 - AttendanceService - INFO - ============================================================
2025-12-31 16:09:24,915 - APISync - INFO - Backend API is reachable
2025-12-31 16:09:24,916 - AttendanceService - INFO - ✓ Backend connection established
2025-12-31 16:09:24,930 - APISync - ERROR - Device registration failed. Status: 401
2025-12-31 16:09:24,931 - AttendanceService - INFO - Periodic sync thread started
2025-12-31 16:09:24,932 - AttendanceService - INFO - RFID reader ready. Waiting for cards...
2025-12-31 16:09:24,933 - RFIDReader - INFO - Starting RFID reader service...
2025-12-31 16:09:24,933 - RFIDReader - INFO - Waiting for RFID card...
2025-12-31 16:14:24,931 - AttendanceService - INFO - Running periodic sync...
2025-12-31 16:14:24,948 - APISync - INFO - Backend API is reachable
2025-12-31 16:14:24,949 - OfflineStorage - INFO - Found 0 unsynced records
2025-12-31 16:14:24,950 - AttendanceService - INFO - No unsynced records to sync
2025-12-31 16:19:24,959 - AttendanceService - INFO - Running periodic sync...
2025-12-31 16:19:34,972 - APISync - WARNING - Backend API unreachable: HTTPConnectionPool(host='172.20.10.10', port=4000): Max retries exceeded with url: / (Caused by ConnectTimeoutError(<urllib3.connection.HTTPConnection object at 0xffff9d4836f0>, 'Connection to 172.20.10.10 timed out. (connect timeout=10)'))
2025-12-31 16:19:34,972 - AttendanceService - INFO - Backend offline, skipping sync
2025-12-31 16:23:53,006 - AttendanceService - INFO - Initializing Atlas Edge services...
2025-12-31 16:23:53,015 - AttendanceService - INFO - ============================================================
2025-12-31 16:23:53,016 - AttendanceService - INFO - Starting Atlas Edge Attendance Service
2025-12-31 16:23:53,017 - AttendanceService - INFO - Device: Atlas Edge
2025-12-31 16:23:53,018 - AttendanceService - INFO - Location: Main Entrance
2025-12-31 16:23:53,018 - AttendanceService - INFO - ============================================================
2025-12-31 16:23:53,048 - APISync - INFO - Backend API is reachable
2025-12-31 16:23:53,049 - AttendanceService - INFO - ✓ Backend connection established
2025-12-31 16:23:53,065 - APISync - ERROR - Device registration failed. Status: 401
2025-12-31 16:23:53,068 - AttendanceService - INFO - Periodic sync thread started
2025-12-31 16:23:53,069 - AttendanceService - INFO - RFID reader ready. Waiting for cards...
2025-12-31 16:23:53,069 - RFIDReader - INFO - Starting RFID reader service...
2025-12-31 16:23:53,070 - RFIDReader - INFO - Waiting for RFID card...
2025-12-31 16:25:43,457 - AttendanceService - INFO - Received signal 2, shutting down...
2025-12-31 16:25:43,458 - AttendanceService - INFO - Stopping Atlas Edge Attendance Service...
2025-12-31 16:25:43,472 - APISync - INFO - Backend API is reachable
2025-12-31 16:25:43,474 - OfflineStorage - INFO - Found 0 unsynced records
2025-12-31 16:25:43,475 - AttendanceService - INFO - No unsynced records to sync
2025-12-31 16:25:43,475 - RFIDReader - INFO - GPIO cleanup completed
2025-12-31 16:25:43,475 - AttendanceService - INFO - Service stopped successfully
2025-12-31 17:30:08,146 - AttendanceService - INFO - Initializing Atlas Edge services...
2025-12-31 17:30:08,151 - AttendanceService - INFO - ============================================================
2025-12-31 17:30:08,151 - AttendanceService - INFO - Starting Atlas Edge Attendance Service
2025-12-31 17:30:08,152 - AttendanceService - INFO - Device: Atlas Edge
2025-12-31 17:30:08,152 - AttendanceService - INFO - Location: Main Entrance
2025-12-31 17:30:08,153 - AttendanceService - INFO - ============================================================
2025-12-31 17:30:08,169 - APISync - INFO - Backend API is reachable
2025-12-31 17:30:08,171 - AttendanceService - INFO - ✓ Backend connection established
2025-12-31 17:30:08,194 - APISync - ERROR - Device registration failed. Status: 401
2025-12-31 17:30:08,196 - AttendanceService - INFO - Periodic sync thread started
2025-12-31 17:30:08,196 - AttendanceService - INFO - RFID reader ready. Waiting for cards...
2025-12-31 17:30:08,197 - RFIDReader - INFO - Starting RFID reader service...
2025-12-31 17:30:08,197 - RFIDReader - INFO - Waiting for RFID card...
2025-12-31 17:30:27,364 - RFIDReader - INFO - Card detected: 112195253482
2025-12-31 17:30:27,364 - AttendanceService - INFO - Processing attendance: Card ID 112195253482
2025-12-31 17:30:27,365 - OfflineStorage - INFO - Record added to offline storage. Total records: 1
2025-12-31 17:30:27,375 - APISync - INFO - Backend API is reachable
2025-12-31 17:30:27,386 - APISync - ERROR - Failed to sync attendance. Status: 404
2025-12-31 17:30:27,387 - AttendanceService - WARNING - Failed to sync immediately, will retry later
2025-12-31 17:30:28,388 - RFIDReader - INFO - Waiting for RFID card...
2025-12-31 17:33:09,277 - RFIDReader - INFO - Card detected: 6585719839
2025-12-31 17:33:09,277 - AttendanceService - INFO - Processing attendance: Card ID 6585719839
2025-12-31 17:33:09,280 - OfflineStorage - INFO - Record added to offline storage. Total records: 2
2025-12-31 17:33:09,291 - APISync - INFO - Backend API is reachable
2025-12-31 17:33:09,303 - APISync - ERROR - Failed to sync attendance. Status: 404
2025-12-31 17:33:09,304 - AttendanceService - WARNING - Failed to sync immediately, will retry later
2025-12-31 17:33:10,305 - RFIDReader - INFO - Waiting for RFID card...
2025-12-31 17:33:15,919 - RFIDReader - INFO - Card detected: 112195253482
2025-12-31 17:33:15,919 - AttendanceService - INFO - Processing attendance: Card ID 112195253482
2025-12-31 17:33:15,922 - OfflineStorage - INFO - Record added to offline storage. Total records: 3
2025-12-31 17:33:15,931 - APISync - INFO - Backend API is reachable
2025-12-31 17:33:15,944 - APISync - ERROR - Failed to sync attendance. Status: 404
2025-12-31 17:33:15,946 - AttendanceService - WARNING - Failed to sync immediately, will retry later
2025-12-31 17:33:16,947 - RFIDReader - INFO - Waiting for RFID card...
2025-12-31 17:33:23,024 - RFIDReader - INFO - Card detected: 6585719839
2025-12-31 17:33:23,026 - AttendanceService - INFO - Processing attendance: Card ID 6585719839
2025-12-31 17:33:23,029 - OfflineStorage - INFO - Record added to offline storage. Total records: 4
2025-12-31 17:33:23,044 - APISync - INFO - Backend API is reachable
2025-12-31 17:33:23,060 - APISync - ERROR - Failed to sync attendance. Status: 404
2025-12-31 17:33:23,061 - AttendanceService - WARNING - Failed to sync immediately, will retry later
2025-12-31 17:33:24,062 - RFIDReader - INFO - Waiting for RFID card...
2025-12-31 17:33:35,172 - RFIDReader - INFO - Card detected: 112195253482
2025-12-31 17:33:35,173 - AttendanceService - INFO - Processing attendance: Card ID 112195253482
2025-12-31 17:33:35,174 - OfflineStorage - INFO - Record added to offline storage. Total records: 5
2025-12-31 17:33:35,183 - APISync - INFO - Backend API is reachable
2025-12-31 17:33:35,191 - APISync - ERROR - Failed to sync attendance. Status: 404
2025-12-31 17:33:35,192 - AttendanceService - WARNING - Failed to sync immediately, will retry later
2025-12-31 17:33:36,193 - RFIDReader - INFO - Waiting for RFID card...
2025-12-31 17:33:39,362 - RFIDReader - INFO - Card detected: 6585719839
2025-12-31 17:33:39,363 - AttendanceService - INFO - Processing attendance: Card ID 6585719839
2025-12-31 17:33:39,364 - OfflineStorage - INFO - Record added to offline storage. Total records: 6
2025-12-31 17:33:39,372 - APISync - INFO - Backend API is reachable
2025-12-31 17:33:39,380 - APISync - ERROR - Failed to sync attendance. Status: 404
2025-12-31 17:33:39,381 - AttendanceService - WARNING - Failed to sync immediately, will retry later
2025-12-31 17:33:40,382 - RFIDReader - INFO - Waiting for RFID card...
2025-12-31 17:33:41,498 - RFIDReader - INFO - Card detected: 112195253482
2025-12-31 17:33:41,498 - AttendanceService - INFO - Processing attendance: Card ID 112195253482
2025-12-31 17:33:41,500 - OfflineStorage - INFO - Record added to offline storage. Total records: 7
2025-12-31 17:33:41,507 - APISync - INFO - Backend API is reachable
2025-12-31 17:33:41,516 - APISync - ERROR - Failed to sync attendance. Status: 404
2025-12-31 17:33:41,517 - AttendanceService - WARNING - Failed to sync immediately, will retry later
2025-12-31 17:33:42,518 - RFIDReader - INFO - Waiting for RFID card...
2025-12-31 17:33:43,862 - RFIDReader - INFO - Card detected: 6585719839
2025-12-31 17:33:43,862 - AttendanceService - INFO - Processing attendance: Card ID 6585719839
2025-12-31 17:33:43,864 - OfflineStorage - INFO - Record added to offline storage. Total records: 8
2025-12-31 17:33:43,873 - APISync - INFO - Backend API is reachable
2025-12-31 17:33:43,883 - APISync - ERROR - Failed to sync attendance. Status: 404
2025-12-31 17:33:43,884 - AttendanceService - WARNING - Failed to sync immediately, will retry later
2025-12-31 17:33:44,885 - RFIDReader - INFO - Waiting for RFID card...
2025-12-31 17:35:08,196 - AttendanceService - INFO - Running periodic sync...
2025-12-31 17:35:08,204 - APISync - INFO - Backend API is reachable
2025-12-31 17:35:08,205 - OfflineStorage - INFO - Found 8 unsynced records
2025-12-31 17:35:08,206 - AttendanceService - INFO - Syncing 8 offline records...
2025-12-31 17:35:08,215 - APISync - ERROR - Batch sync failed. Status: 404
2025-12-31 17:35:09,218 - OfflineStorage - INFO - Cleared 0 synced records
2025-12-31 17:40:09,229 - AttendanceService - INFO - Running periodic sync...
2025-12-31 17:40:09,238 - APISync - INFO - Backend API is reachable
2025-12-31 17:40:09,239 - OfflineStorage - INFO - Found 8 unsynced records
2025-12-31 17:40:09,239 - AttendanceService - INFO - Syncing 8 offline records...
2025-12-31 17:40:09,247 - APISync - ERROR - Batch sync failed. Status: 404
2025-12-31 17:40:10,249 - OfflineStorage - INFO - Cleared 0 synced records
2025-12-31 18:19:44,344 - AttendanceService - INFO - Initializing Atlas Edge services...
2025-12-31 18:19:55,813 - AttendanceService - INFO - Initializing Atlas Edge services...
2025-12-31 18:20:07,156 - AttendanceService - INFO - Initializing Atlas Edge services...
2025-12-31 18:20:13,050 - AttendanceService - INFO - Initializing Atlas Edge services...
2025-12-31 18:20:24,427 - AttendanceService - INFO - Initializing Atlas Edge services...
2025-12-31 18:20:36,053 - AttendanceService - INFO - Initializing Atlas Edge services...
2025-12-31 18:20:47,411 - AttendanceService - INFO - Initializing Atlas Edge services...
2025-12-31 18:20:58,814 - AttendanceService - INFO - Initializing Atlas Edge services...
2025-12-31 18:21:10,310 - AttendanceService - INFO - Initializing Atlas Edge services...
2025-12-31 18:21:21,753 - AttendanceService - INFO - Initializing Atlas Edge services...
2025-12-31 18:21:33,186 - AttendanceService - INFO - Initializing Atlas Edge services...
2025-12-31 18:21:44,628 - AttendanceService - INFO - Initializing Atlas Edge services...
2025-12-31 18:21:56,079 - AttendanceService - INFO - Initializing Atlas Edge services...
2025-12-31 18:22:07,530 - AttendanceService - INFO - Initializing Atlas Edge services...
2025-12-31 18:22:18,970 - AttendanceService - INFO - Initializing Atlas Edge services...
2025-12-31 18:22:30,339 - AttendanceService - INFO - Initializing Atlas Edge services...
2025-12-31 18:22:41,916 - AttendanceService - INFO - Initializing Atlas Edge services...
2025-12-31 18:22:53,554 - AttendanceService - INFO - Initializing Atlas Edge services...
2025-12-31 18:23:05,271 - AttendanceService - INFO - Initializing Atlas Edge services...
2025-12-31 18:23:16,389 - AttendanceService - INFO - Initializing Atlas Edge services...
2025-12-31 18:23:27,123 - AttendanceService - INFO - Initializing Atlas Edge services...
2025-12-31 18:23:38,041 - AttendanceService - INFO - Initializing Atlas Edge services...
2025-12-31 18:23:48,938 - AttendanceService - INFO - Initializing Atlas Edge services...
2025-12-31 18:23:59,900 - AttendanceService - INFO - Initializing Atlas Edge services...
2025-12-31 18:24:11,029 - AttendanceService - INFO - Initializing Atlas Edge services...
2025-12-31 18:24:22,617 - AttendanceService - INFO - Initializing Atlas Edge services...
2025-12-31 18:24:34,148 - AttendanceService - INFO - Initializing Atlas Edge services...
2025-12-31 18:24:45,654 - AttendanceService - INFO - Initializing Atlas Edge services...
2025-12-31 18:24:57,107 - AttendanceService - INFO - Initializing Atlas Edge services...
2025-12-31 18:25:08,871 - AttendanceService - INFO - Initializing Atlas Edge services...
2025-12-31 18:25:20,779 - AttendanceService - INFO - Initializing Atlas Edge services...
2025-12-31 18:25:32,190 - AttendanceService - INFO - Initializing Atlas Edge services...
2025-12-31 18:25:43,729 - AttendanceService - INFO - Initializing Atlas Edge services...
2025-12-31 18:25:55,350 - AttendanceService - INFO - Initializing Atlas Edge services...
2025-12-31 18:26:06,923 - AttendanceService - INFO - Initializing Atlas Edge services...
2025-12-31 18:26:18,299 - AttendanceService - INFO - Initializing Atlas Edge services...
2025-12-31 18:26:29,677 - AttendanceService - INFO - Initializing Atlas Edge services...
2025-12-31 18:26:41,180 - AttendanceService - INFO - Initializing Atlas Edge services...
2025-12-31 18:26:52,549 - AttendanceService - INFO - Initializing Atlas Edge services...
2025-12-31 18:27:04,009 - AttendanceService - INFO - Initializing Atlas Edge services...
2025-12-31 18:27:15,457 - AttendanceService - INFO - Initializing Atlas Edge services...
2025-12-31 18:27:26,708 - AttendanceService - INFO - Initializing Atlas Edge services...
2025-12-31 18:27:37,709 - AttendanceService - INFO - Initializing Atlas Edge services...
2025-12-31 18:27:49,013 - AttendanceService - INFO - Initializing Atlas Edge services...
2025-12-31 18:28:00,178 - AttendanceService - INFO - Initializing Atlas Edge services...
2025-12-31 18:28:11,555 - AttendanceService - INFO - Initializing Atlas Edge services...
2025-12-31 18:28:23,053 - AttendanceService - INFO - Initializing Atlas Edge services...
2025-12-31 18:28:34,651 - AttendanceService - INFO - Initializing Atlas Edge services...
2025-12-31 18:28:45,876 - AttendanceService - INFO - Initializing Atlas Edge services...
2025-12-31 18:28:57,672 - AttendanceService - INFO - Initializing Atlas Edge services...
2025-12-31 18:29:09,484 - AttendanceService - INFO - Initializing Atlas Edge services...
2025-12-31 18:29:21,067 - AttendanceService - INFO - Initializing Atlas Edge services...
2025-12-31 18:29:32,691 - AttendanceService - INFO - Initializing Atlas Edge services...
2025-12-31 18:29:43,925 - AttendanceService - INFO - Initializing Atlas Edge services...
2025-12-31 18:29:55,129 - AttendanceService - INFO - Initializing Atlas Edge services...
2025-12-31 18:30:06,564 - AttendanceService - INFO - Initializing Atlas Edge services...
2025-12-31 18:30:18,203 - AttendanceService - INFO - Initializing Atlas Edge services...
2025-12-31 18:30:29,212 - AttendanceService - INFO - Initializing Atlas Edge services...
2025-12-31 18:30:40,576 - AttendanceService - INFO - Initializing Atlas Edge services...
2025-12-31 18:30:50,067 - AttendanceService - INFO - Initializing Atlas Edge services...
2025-12-31 18:31:01,495 - AttendanceService - INFO - Initializing Atlas Edge services...
2025-12-31 18:36:58,342 - AttendanceService - INFO - Initializing Atlas Edge services...
2025-12-31 18:36:58,349 - AttendanceService - INFO - ============================================================
2025-12-31 18:36:58,350 - AttendanceService - INFO - Starting Atlas Edge Attendance Service
2025-12-31 18:36:58,350 - AttendanceService - INFO - Device: Atlas Edge
2025-12-31 18:36:58,351 - AttendanceService - INFO - Location: Main Entrance
2025-12-31 18:36:58,351 - AttendanceService - INFO - ============================================================
2025-12-31 18:36:58,393 - APISync - INFO - Backend API is reachable
2025-12-31 18:36:58,394 - AttendanceService - INFO - ✓ Backend connection established
2025-12-31 18:36:58,408 - APISync - ERROR - Device registration failed. Status: 401
2025-12-31 18:36:58,410 - AttendanceService - INFO - Periodic sync thread started
2025-12-31 18:36:58,410 - AttendanceService - INFO - RFID reader ready. Waiting for cards...
2025-12-31 18:36:58,411 - RFIDReader - INFO - Starting RFID reader service...
2025-12-31 18:36:58,411 - RFIDReader - INFO - Waiting for RFID card...
2025-12-31 18:41:58,410 - AttendanceService - INFO - Running periodic sync...
2025-12-31 18:41:58,420 - APISync - INFO - Backend API is reachable
2025-12-31 18:41:58,422 - OfflineStorage - INFO - Found 0 unsynced records
2025-12-31 18:41:58,422 - AttendanceService - INFO - No unsynced records to sync
2025-12-31 18:46:58,433 - AttendanceService - INFO - Running periodic sync...
2025-12-31 18:46:58,441 - APISync - INFO - Backend API is reachable
2025-12-31 18:46:58,442 - OfflineStorage - INFO - Found 0 unsynced records
2025-12-31 18:46:58,442 - AttendanceService - INFO - No unsynced records to sync
2025-12-31 18:51:58,448 - AttendanceService - INFO - Running periodic sync...
2025-12-31 18:51:58,456 - APISync - INFO - Backend API is reachable
2025-12-31 18:51:58,457 - OfflineStorage - INFO - Found 0 unsynced records
2025-12-31 18:51:58,457 - AttendanceService - INFO - No unsynced records to sync
2025-12-31 18:56:58,463 - AttendanceService - INFO - Running periodic sync...
2025-12-31 18:56:58,471 - APISync - INFO - Backend API is reachable
2025-12-31 18:56:58,472 - OfflineStorage - INFO - Found 0 unsynced records
2025-12-31 18:56:58,473 - AttendanceService - INFO - No unsynced records to sync
2025-12-31 18:57:47,702 - RFIDReader - INFO - Card detected: 112195253482
2025-12-31 18:57:47,704 - AttendanceService - INFO - Processing attendance: Card ID 112195253482
2025-12-31 18:57:47,708 - OfflineStorage - INFO - Record added to offline storage. Total records: 1
2025-12-31 18:57:47,718 - APISync - INFO - Backend API is reachable
2025-12-31 18:57:47,730 - APISync - ERROR - Failed to sync attendance. Status: 404
2025-12-31 18:57:47,731 - AttendanceService - WARNING - Failed to sync immediately, will retry later
2025-12-31 18:57:48,732 - RFIDReader - INFO - Waiting for RFID card...
2025-12-31 18:57:58,712 - RFIDReader - INFO - Card detected: 6585719839
2025-12-31 18:57:58,714 - AttendanceService - INFO - Processing attendance: Card ID 6585719839
2025-12-31 18:57:58,716 - OfflineStorage - INFO - Record added to offline storage. Total records: 2
2025-12-31 18:57:58,726 - APISync - INFO - Backend API is reachable
2025-12-31 18:57:58,742 - APISync - ERROR - Failed to sync attendance. Status: 404
2025-12-31 18:57:58,744 - AttendanceService - WARNING - Failed to sync immediately, will retry later
2025-12-31 18:57:59,745 - RFIDReader - INFO - Waiting for RFID card...
2025-12-31 18:58:30,494 - RFIDReader - INFO - Card detected: 6585719839
2025-12-31 18:58:30,494 - AttendanceService - INFO - Processing attendance: Card ID 6585719839
2025-12-31 18:58:30,495 - OfflineStorage - INFO - Record added to offline storage. Total records: 3
2025-12-31 18:58:30,502 - APISync - INFO - Backend API is reachable
2025-12-31 18:58:30,509 - APISync - ERROR - Failed to sync attendance. Status: 404
2025-12-31 18:58:30,510 - AttendanceService - WARNING - Failed to sync immediately, will retry later
2025-12-31 18:58:31,510 - RFIDReader - INFO - Waiting for RFID card...
2025-12-31 19:01:58,479 - AttendanceService - INFO - Running periodic sync...
2025-12-31 19:01:58,487 - APISync - INFO - Backend API is reachable
2025-12-31 19:01:58,487 - OfflineStorage - INFO - Found 3 unsynced records
2025-12-31 19:01:58,488 - AttendanceService - INFO - Syncing 3 offline records...
2025-12-31 19:01:58,495 - APISync - ERROR - Batch sync failed. Status: 404
2025-12-31 19:01:59,496 - OfflineStorage - INFO - Cleared 0 synced records
2025-12-31 19:02:21,316 - AttendanceService - INFO - Received signal 15, shutting down...
2025-12-31 19:02:21,316 - AttendanceService - INFO - Stopping Atlas Edge Attendance Service...
2025-12-31 19:02:21,329 - APISync - INFO - Backend API is reachable
2025-12-31 19:02:21,330 - OfflineStorage - ERROR - Error reading storage: [Errno 2] No such file or directory: '/home/pi/atlas-edge/data/offline_attendance.json'
2025-12-31 19:02:21,331 - OfflineStorage - INFO - Found 0 unsynced records
2025-12-31 19:02:21,332 - AttendanceService - INFO - No unsynced records to sync
2025-12-31 19:02:21,332 - RFIDReader - INFO - GPIO cleanup completed
2025-12-31 19:02:21,332 - AttendanceService - INFO - Service stopped successfully
2025-12-31 19:02:21,865 - AttendanceService - INFO - Initializing Atlas Edge services...
2025-12-31 19:02:21,868 - AttendanceService - INFO - ============================================================
2025-12-31 19:02:21,869 - AttendanceService - INFO - Starting Atlas Edge Attendance Service
2025-12-31 19:02:21,869 - AttendanceService - INFO - Device: Atlas Edge
2025-12-31 19:02:21,869 - AttendanceService - INFO - Location: Main Entrance
2025-12-31 19:02:21,869 - AttendanceService - INFO - ============================================================
2025-12-31 19:02:21,883 - APISync - INFO - Backend API is reachable
2025-12-31 19:02:21,884 - AttendanceService - INFO - ✓ Backend connection established
2025-12-31 19:02:21,894 - APISync - ERROR - Device registration failed. Status: 401
2025-12-31 19:02:21,896 - AttendanceService - INFO - Periodic sync thread started
2025-12-31 19:02:21,896 - AttendanceService - INFO - RFID reader ready. Waiting for cards...
2025-12-31 19:02:21,896 - RFIDReader - INFO - Starting RFID reader service...
2025-12-31 19:02:21,897 - RFIDReader - INFO - Waiting for RFID card...
2025-12-31 19:03:32,806 - RFIDReader - INFO - Card detected: 112195253482
2025-12-31 19:03:32,806 - AttendanceService - INFO - Processing attendance: Card ID 112195253482
2025-12-31 19:03:32,808 - OfflineStorage - INFO - Record added to offline storage. Total records: 4
2025-12-31 19:03:32,816 - APISync - INFO - Backend API is reachable
2025-12-31 19:03:32,824 - APISync - ERROR - Failed to sync attendance. Status: 404
2025-12-31 19:03:32,824 - AttendanceService - WARNING - Failed to sync immediately, will retry later
2025-12-31 19:03:33,825 - RFIDReader - INFO - Waiting for RFID card...
2025-12-31 19:05:42,769 - RFIDReader - INFO - Card detected: 632705821532
2025-12-31 19:05:42,770 - AttendanceService - INFO - Processing attendance: Card ID 632705821532
2025-12-31 19:05:42,771 - OfflineStorage - INFO - Record added to offline storage. Total records: 5
2025-12-31 19:05:42,782 - APISync - INFO - Backend API is reachable
2025-12-31 19:05:42,793 - APISync - ERROR - Failed to sync attendance. Status: 404
2025-12-31 19:05:42,793 - AttendanceService - WARNING - Failed to sync immediately, will retry later
2025-12-31 19:05:43,794 - RFIDReader - INFO - Waiting for RFID card...
2025-12-31 19:07:21,896 - AttendanceService - INFO - Running periodic sync...
2025-12-31 19:07:31,920 - APISync - WARNING - Backend API unreachable: HTTPConnectionPool(host='172.20.10.10', port=4000): Max retries exceeded with url: / (Caused by ConnectTimeoutError(<HTTPConnection(host='172.20.10.10', port=4000) at 0xffffbade58c0>, 'Connection to 172.20.10.10 timed out. (connect timeout=10)'))
2025-12-31 19:07:31,921 - AttendanceService - INFO - Backend offline, skipping sync
2025-12-31 19:08:42,621 - RFIDReader - INFO - Card detected: 632705821532
2025-12-31 19:08:42,621 - AttendanceService - INFO - Processing attendance: Card ID 632705821532
2025-12-31 19:08:42,623 - OfflineStorage - INFO - Record added to offline storage. Total records: 6
2025-12-31 19:08:52,637 - APISync - WARNING - Backend API unreachable: HTTPConnectionPool(host='172.20.10.10', port=4000): Max retries exceeded with url: / (Caused by ConnectTimeoutError(<HTTPConnection(host='172.20.10.10', port=4000) at 0xffffbade6470>, 'Connection to 172.20.10.10 timed out. (connect timeout=10)'))
2025-12-31 19:08:52,638 - AttendanceService - INFO - Backend offline, attendance saved locally
2025-12-31 19:08:53,639 - RFIDReader - INFO - Waiting for RFID card...
2025-12-31 19:08:56,512 - RFIDReader - INFO - Card detected: 112195253482
2025-12-31 19:08:56,513 - AttendanceService - INFO - Processing attendance: Card ID 112195253482
2025-12-31 19:08:56,515 - OfflineStorage - INFO - Record added to offline storage. Total records: 7
2025-12-31 19:09:06,533 - APISync - WARNING - Backend API unreachable: HTTPConnectionPool(host='172.20.10.10', port=4000): Max retries exceeded with url: / (Caused by ConnectTimeoutError(<HTTPConnection(host='172.20.10.10', port=4000) at 0xffffbade6690>, 'Connection to 172.20.10.10 timed out. (connect timeout=10)'))
2025-12-31 19:09:06,534 - AttendanceService - INFO - Backend offline, attendance saved locally
2025-12-31 19:09:07,535 - RFIDReader - INFO - Waiting for RFID card...
2025-12-31 19:09:13,254 - RFIDReader - INFO - Card detected: 6585719839
2025-12-31 19:09:13,254 - AttendanceService - INFO - Processing attendance: Card ID 6585719839
2025-12-31 19:09:13,256 - OfflineStorage - INFO - Record added to offline storage. Total records: 8
2025-12-31 19:09:23,270 - APISync - WARNING - Backend API unreachable: HTTPConnectionPool(host='172.20.10.10', port=4000): Max retries exceeded with url: / (Caused by ConnectTimeoutError(<HTTPConnection(host='172.20.10.10', port=4000) at 0xffffbade68b0>, 'Connection to 172.20.10.10 timed out. (connect timeout=10)'))
2025-12-31 19:09:23,270 - AttendanceService - INFO - Backend offline, attendance saved locally
2025-12-31 19:09:24,271 - RFIDReader - INFO - Waiting for RFID card...
2025-12-31 19:09:26,418 - RFIDReader - INFO - Card detected: 112195253482
2025-12-31 19:09:26,418 - AttendanceService - INFO - Processing attendance: Card ID 112195253482
2025-12-31 19:09:26,420 - OfflineStorage - INFO - Record added to offline storage. Total records: 9
2025-12-31 19:09:36,435 - APISync - WARNING - Backend API unreachable: HTTPConnectionPool(host='172.20.10.10', port=4000): Max retries exceeded with url: / (Caused by ConnectTimeoutError(<HTTPConnection(host='172.20.10.10', port=4000) at 0xffffbade6ad0>, 'Connection to 172.20.10.10 timed out. (connect timeout=10)'))
2025-12-31 19:09:36,436 - AttendanceService - INFO - Backend offline, attendance saved locally
2025-12-31 19:09:37,441 - RFIDReader - INFO - Waiting for RFID card...
2025-12-31 19:09:57,442 - RFIDReader - INFO - Card detected: 112195253482
2025-12-31 19:09:57,443 - AttendanceService - INFO - Processing attendance: Card ID 112195253482
2025-12-31 19:09:57,444 - OfflineStorage - INFO - Record added to offline storage. Total records: 10
2025-12-31 19:10:07,457 - APISync - WARNING - Backend API unreachable: HTTPConnectionPool(host='172.20.10.10', port=4000): Max retries exceeded with url: / (Caused by ConnectTimeoutError(<HTTPConnection(host='172.20.10.10', port=4000) at 0xffffbade6cf0>, 'Connection to 172.20.10.10 timed out. (connect timeout=10)'))
2025-12-31 19:10:07,459 - AttendanceService - INFO - Backend offline, attendance saved locally
2025-12-31 19:10:08,460 - RFIDReader - INFO - Waiting for RFID card...
2025-12-31 19:12:21,391 - RFIDReader - INFO - Card detected: 112195253482
2025-12-31 19:12:21,392 - AttendanceService - INFO - Processing attendance: Card ID 112195253482
2025-12-31 19:12:21,395 - OfflineStorage - INFO - Record added to offline storage. Total records: 11
2025-12-31 19:12:31,412 - APISync - WARNING - Backend API unreachable: HTTPConnectionPool(host='172.20.10.10', port=4000): Max retries exceeded with url: / (Caused by ConnectTimeoutError(<HTTPConnection(host='172.20.10.10', port=4000) at 0xffffbade6cf0>, 'Connection to 172.20.10.10 timed out. (connect timeout=10)'))
2025-12-31 19:12:31,413 - AttendanceService - INFO - Backend offline, attendance saved locally
2025-12-31 19:12:32,414 - RFIDReader - INFO - Waiting for RFID card...
2025-12-31 19:12:41,936 - AttendanceService - INFO - Running periodic sync...
2025-12-31 19:12:51,949 - APISync - WARNING - Backend API unreachable: HTTPConnectionPool(host='172.20.10.10', port=4000): Max retries exceeded with url: / (Caused by ConnectTimeoutError(<HTTPConnection(host='172.20.10.10', port=4000) at 0xffffbade6ad0>, 'Connection to 172.20.10.10 timed out. (connect timeout=10)'))
2025-12-31 19:12:51,950 - AttendanceService - INFO - Backend offline, skipping sync
2025-12-31 19:13:05,412 - RFIDReader - INFO - Card detected: 6585719839
2025-12-31 19:13:05,412 - AttendanceService - INFO - Processing attendance: Card ID 6585719839
2025-12-31 19:13:05,414 - OfflineStorage - INFO - Record added to offline storage. Total records: 12
2025-12-31 19:13:15,427 - APISync - WARNING - Backend API unreachable: HTTPConnectionPool(host='172.20.10.10', port=4000): Max retries exceeded with url: / (Caused by ConnectTimeoutError(<HTTPConnection(host='172.20.10.10', port=4000) at 0xffffbade6690>, 'Connection to 172.20.10.10 timed out. (connect timeout=10)'))
2025-12-31 19:13:15,427 - AttendanceService - INFO - Backend offline, attendance saved locally
2025-12-31 19:13:16,428 - RFIDReader - INFO - Waiting for RFID card...
2025-12-31 19:13:19,606 - RFIDReader - INFO - Card detected: 112195253482
2025-12-31 19:13:19,607 - AttendanceService - INFO - Processing attendance: Card ID 112195253482
2025-12-31 19:13:19,611 - OfflineStorage - INFO - Record added to offline storage. Total records: 13
2025-12-31 19:13:19,623 - APISync - INFO - Backend API is reachable
2025-12-31 19:13:19,654 - APISync - ERROR - Failed to sync attendance. Status: 404
2025-12-31 19:13:19,656 - AttendanceService - WARNING - Failed to sync immediately, will retry later
2025-12-31 19:13:20,658 - RFIDReader - INFO - Waiting for RFID card...
2025-12-31 19:13:23,057 - RFIDReader - INFO - Card detected: 632705821532
2025-12-31 19:13:23,057 - AttendanceService - INFO - Processing attendance: Card ID 632705821532
2025-12-31 19:13:23,059 - OfflineStorage - INFO - Record added to offline storage. Total records: 14
2025-12-31 19:13:23,069 - APISync - INFO - Backend API is reachable
2025-12-31 19:13:23,080 - APISync - ERROR - Failed to sync attendance. Status: 404
2025-12-31 19:13:23,081 - AttendanceService - WARNING - Failed to sync immediately, will retry later
2025-12-31 19:13:24,081 - RFIDReader - INFO - Waiting for RFID card...
2025-12-31 19:13:26,971 - mfrc522Logger - ERROR - Error while reading!
2025-12-31 19:13:27,037 - mfrc522Logger - ERROR - Error while reading!
2025-12-31 19:13:27,038 - RFIDReader - INFO - Card detected: 112195253482
2025-12-31 19:13:27,038 - AttendanceService - INFO - Processing attendance: Card ID 112195253482
2025-12-31 19:13:27,041 - OfflineStorage - INFO - Record added to offline storage. Total records: 15
2025-12-31 19:13:27,055 - APISync - INFO - Backend API is reachable
2025-12-31 19:13:27,068 - APISync - ERROR - Failed to sync attendance. Status: 404
2025-12-31 19:13:27,070 - AttendanceService - WARNING - Failed to sync immediately, will retry later
2025-12-31 19:13:28,071 - RFIDReader - INFO - Waiting for RFID card...
2025-12-31 19:18:01,964 - AttendanceService - INFO - Running periodic sync...
2025-12-31 19:18:01,974 - APISync - INFO - Backend API is reachable
2025-12-31 19:18:01,975 - OfflineStorage - INFO - Found 15 unsynced records
2025-12-31 19:18:01,975 - AttendanceService - INFO - Syncing 15 offline records...
2025-12-31 19:18:01,986 - APISync - ERROR - Batch sync failed. Status: 404
2025-12-31 19:18:02,988 - OfflineStorage - INFO - Cleared 0 synced records
2025-12-31 19:20:46,602 - AttendanceService - INFO - Received signal 15, shutting down...
2025-12-31 19:20:46,603 - AttendanceService - INFO - Stopping Atlas Edge Attendance Service...
2025-12-31 19:20:46,622 - APISync - INFO - Backend API is reachable
2025-12-31 19:20:46,624 - OfflineStorage - INFO - Found 15 unsynced records
2025-12-31 19:20:46,630 - AttendanceService - INFO - Syncing 15 offline records...
2025-12-31 19:20:46,661 - APISync - ERROR - Batch sync failed. Status: 404
2025-12-31 19:20:47,664 - OfflineStorage - INFO - Cleared 0 synced records
2025-12-31 19:20:47,666 - RFIDReader - INFO - GPIO cleanup completed
2025-12-31 19:20:47,666 - AttendanceService - INFO - Service stopped successfully
2025-10-07 05:53:30,346 - AttendanceService - INFO - Initializing Atlas Edge services...
2025-10-07 05:53:30,359 - AttendanceService - INFO - ============================================================
2025-10-07 05:53:30,360 - AttendanceService - INFO - Starting Atlas Edge Attendance Service
2025-10-07 05:53:30,360 - AttendanceService - INFO - Device: Atlas Edge
2025-10-07 05:53:30,360 - AttendanceService - INFO - Location: Main Entrance
2025-10-07 05:53:30,361 - AttendanceService - INFO - ============================================================
2025-10-07 05:53:30,368 - APISync - WARNING - Backend API unreachable: HTTPConnectionPool(host='172.20.10.10', port=4000): Max retries exceeded with url: / (Caused by NewConnectionError("HTTPConnection(host='172.20.10.10', port=4000): Failed to establish a new connection: [Errno 101] Network is unreachable"))
2025-10-07 05:53:30,368 - AttendanceService - WARNING - ✗ Backend unreachable, operating in offline mode
2025-10-07 05:53:30,369 - AttendanceService - INFO - Periodic sync thread started
2025-10-07 05:53:30,369 - AttendanceService - INFO - RFID reader ready. Waiting for cards...
2025-10-07 05:53:30,370 - RFIDReader - INFO - Starting RFID reader service...
2025-10-07 05:53:30,370 - RFIDReader - INFO - Waiting for RFID card...
2025-10-07 05:58:30,369 - AttendanceService - INFO - Running periodic sync...
2025-10-07 05:58:30,375 - APISync - WARNING - Backend API unreachable: HTTPConnectionPool(host='172.20.10.10', port=4000): Max retries exceeded with url: / (Caused by NewConnectionError("HTTPConnection(host='172.20.10.10', port=4000): Failed to establish a new connection: [Errno 101] Network is unreachable"))
2025-10-07 05:58:30,376 - AttendanceService - INFO - Backend offline, skipping sync
2026-01-02 15:44:29,127 - AttendanceService - INFO - Running periodic sync...
2026-01-02 15:44:29,142 - APISync - INFO - Backend API is reachable
2026-01-02 15:44:29,144 - OfflineStorage - INFO - Found 15 unsynced records
2026-01-02 15:44:29,146 - AttendanceService - INFO - Syncing 15 offline records...
2026-01-02 15:44:29,184 - APISync - ERROR - Batch sync failed. Status: 404
2026-01-02 15:44:30,187 - OfflineStorage - INFO - Cleared 0 synced records
2026-01-02 15:49:30,200 - AttendanceService - INFO - Running periodic sync...
2026-01-02 15:49:30,207 - APISync - INFO - Backend API is reachable
2026-01-02 15:49:30,208 - OfflineStorage - INFO - Found 15 unsynced records
2026-01-02 15:49:30,209 - AttendanceService - INFO - Syncing 15 offline records...
2026-01-02 15:49:30,215 - APISync - ERROR - Batch sync failed. Status: 404
2026-01-02 15:49:31,217 - OfflineStorage - INFO - Cleared 0 synced records
2026-01-02 15:54:31,226 - AttendanceService - INFO - Running periodic sync...
2026-01-02 15:54:31,882 - APISync - WARNING - Backend API unreachable: HTTPConnectionPool(host='172.20.10.10', port=4000): Max retries exceeded with url: / (Caused by NewConnectionError("HTTPConnection(host='172.20.10.10', port=4000): Failed to establish a new connection: [Errno 113] No route to host"))
2026-01-02 15:54:31,883 - AttendanceService - INFO - Backend offline, skipping sync
2026-01-02 15:59:34,954 - AttendanceService - INFO - Running periodic sync...
2026-01-02 15:59:35,434 - APISync - WARNING - Backend API unreachable: HTTPConnectionPool(host='172.20.10.10', port=4000): Max retries exceeded with url: / (Caused by NewConnectionError("HTTPConnection(host='172.20.10.10', port=4000): Failed to establish a new connection: [Errno 113] No route to host"))
2026-01-02 15:59:35,435 - AttendanceService - INFO - Backend offline, skipping sync
2026-01-02 16:04:38,507 - AttendanceService - INFO - Running periodic sync...
2026-01-02 16:04:39,947 - APISync - WARNING - Backend API unreachable: HTTPConnectionPool(host='172.20.10.10', port=4000): Max retries exceeded with url: / (Caused by NewConnectionError("HTTPConnection(host='172.20.10.10', port=4000): Failed to establish a new connection: [Errno 113] No route to host"))
2026-01-02 16:04:39,949 - AttendanceService - INFO - Backend offline, skipping sync
2026-01-02 16:09:43,019 - AttendanceService - INFO - Running periodic sync...
2026-01-02 16:09:43,028 - APISync - INFO - Backend API is reachable
2026-01-02 16:09:43,030 - OfflineStorage - INFO - Found 15 unsynced records
2026-01-02 16:09:43,030 - AttendanceService - INFO - Syncing 15 offline records...
2026-01-02 16:09:43,043 - APISync - ERROR - Batch sync failed. Status: 404
2026-01-02 16:09:44,046 - OfflineStorage - INFO - Cleared 0 synced records
2026-01-02 16:14:44,061 - AttendanceService - INFO - Running periodic sync...
2026-01-02 16:14:44,073 - APISync - INFO - Backend API is reachable
2026-01-02 16:14:44,080 - OfflineStorage - INFO - Found 17 unsynced records
2026-01-02 16:14:44,081 - AttendanceService - INFO - Syncing 17 offline records...
2026-01-02 16:14:44,093 - APISync - ERROR - Batch sync failed. Status: 404
2026-01-02 16:14:45,098 - OfflineStorage - INFO - Cleared 0 synced records
2026-01-02 16:19:45,116 - AttendanceService - INFO - Running periodic sync...
2026-01-02 16:19:48,939 - APISync - WARNING - Backend API unreachable: HTTPConnectionPool(host='172.20.10.10', port=4000): Max retries exceeded with url: / (Caused by NewConnectionError("HTTPConnection(host='172.20.10.10', port=4000): Failed to establish a new connection: [Errno 113] No route to host"))
2026-01-02 16:19:48,943 - AttendanceService - INFO - Backend offline, skipping sync
2026-01-02 16:24:52,015 - AttendanceService - INFO - Running periodic sync...
2026-01-02 16:24:52,021 - APISync - INFO - Backend API is reachable
2026-01-02 16:24:52,024 - OfflineStorage - INFO - Found 17 unsynced records
2026-01-02 16:24:52,024 - AttendanceService - INFO - Syncing 17 offline records...
2026-01-02 16:24:52,039 - APISync - ERROR - Batch sync failed. Status: 404
2026-01-02 16:24:53,041 - OfflineStorage - INFO - Cleared 0 synced records
2026-01-02 16:29:53,050 - AttendanceService - INFO - Running periodic sync...
2026-01-02 16:29:53,058 - APISync - INFO - Backend API is reachable
2026-01-02 16:29:53,059 - OfflineStorage - INFO - Found 17 unsynced records
2026-01-02 16:29:53,059 - AttendanceService - INFO - Syncing 17 offline records...
2026-01-02 16:29:53,066 - APISync - ERROR - Batch sync failed. Status: 404
2026-01-02 16:29:54,068 - OfflineStorage - INFO - Cleared 0 synced records
2026-01-02 16:34:54,075 - AttendanceService - INFO - Running periodic sync...
2026-01-02 16:34:54,081 - APISync - INFO - Backend API is reachable
2026-01-02 16:34:54,084 - OfflineStorage - INFO - Found 17 unsynced records
2026-01-02 16:34:54,084 - AttendanceService - INFO - Syncing 17 offline records...
2026-01-02 16:34:54,091 - APISync - ERROR - Batch sync failed. Status: 404
2026-01-02 16:34:55,093 - OfflineStorage - INFO - Cleared 0 synced records
2026-01-02 16:39:55,099 - AttendanceService - INFO - Running periodic sync...
2026-01-02 16:39:55,105 - APISync - INFO - Backend API is reachable
2026-01-02 16:39:55,106 - OfflineStorage - INFO - Found 17 unsynced records
2026-01-02 16:39:55,106 - AttendanceService - INFO - Syncing 17 offline records...
2026-01-02 16:39:55,112 - APISync - ERROR - Batch sync failed. Status: 404
2026-01-02 16:39:56,114 - OfflineStorage - INFO - Cleared 0 synced records
2026-01-02 16:44:56,120 - AttendanceService - INFO - Running periodic sync...
2026-01-02 16:44:56,126 - APISync - INFO - Backend API is reachable
2026-01-02 16:44:56,128 - OfflineStorage - INFO - Found 17 unsynced records
2026-01-02 16:44:56,128 - AttendanceService - INFO - Syncing 17 offline records...
2026-01-02 16:44:56,135 - APISync - ERROR - Batch sync failed. Status: 404
2026-01-02 16:44:57,137 - OfflineStorage - INFO - Cleared 0 synced records
2026-01-02 16:49:57,143 - AttendanceService - INFO - Running periodic sync...
2026-01-02 16:49:57,149 - APISync - INFO - Backend API is reachable
2026-01-02 16:49:57,151 - OfflineStorage - INFO - Found 17 unsynced records
2026-01-02 16:49:57,151 - AttendanceService - INFO - Syncing 17 offline records...
2026-01-02 16:49:57,158 - APISync - ERROR - Batch sync failed. Status: 404
2026-01-02 16:49:58,160 - OfflineStorage - INFO - Cleared 0 synced records
2026-01-02 16:54:58,168 - AttendanceService - INFO - Running periodic sync...
2026-01-02 16:54:58,174 - APISync - INFO - Backend API is reachable
2026-01-02 16:54:58,176 - OfflineStorage - INFO - Found 17 unsynced records
2026-01-02 16:54:58,176 - AttendanceService - INFO - Syncing 17 offline records...
2026-01-02 16:54:58,186 - APISync - ERROR - Batch sync failed. Status: 404
2026-01-02 16:54:59,188 - OfflineStorage - INFO - Cleared 0 synced records
2026-01-02 16:59:59,195 - AttendanceService - INFO - Running periodic sync...
2026-01-02 16:59:59,203 - APISync - INFO - Backend API is reachable
2026-01-02 16:59:59,204 - OfflineStorage - INFO - Found 17 unsynced records
2026-01-02 16:59:59,204 - AttendanceService - INFO - Syncing 17 offline records...
2026-01-02 16:59:59,211 - APISync - ERROR - Batch sync failed. Status: 404
2026-01-02 17:00:00,214 - OfflineStorage - INFO - Cleared 0 synced records
2026-01-02 17:05:00,221 - AttendanceService - INFO - Running periodic sync...
2026-01-02 17:05:00,227 - APISync - INFO - Backend API is reachable
2026-01-02 17:05:00,228 - OfflineStorage - INFO - Found 17 unsynced records
2026-01-02 17:05:00,228 - AttendanceService - INFO - Syncing 17 offline records...
2026-01-02 17:05:00,234 - APISync - ERROR - Batch sync failed. Status: 404
2026-01-02 17:05:01,237 - OfflineStorage - INFO - Cleared 0 synced records
2026-01-02 17:10:01,243 - AttendanceService - INFO - Running periodic sync...
2026-01-02 17:10:01,251 - APISync - INFO - Backend API is reachable
2026-01-02 17:10:01,253 - OfflineStorage - INFO - Found 17 unsynced records
2026-01-02 17:10:01,253 - AttendanceService - INFO - Syncing 17 offline records...
2026-01-02 17:10:01,263 - APISync - ERROR - Batch sync failed. Status: 404
2026-01-02 17:10:02,266 - OfflineStorage - INFO - Cleared 0 synced records
2026-01-02 17:15:02,273 - AttendanceService - INFO - Running periodic sync...
2026-01-02 17:15:02,279 - APISync - INFO - Backend API is reachable
2026-01-02 17:15:02,280 - OfflineStorage - INFO - Found 17 unsynced records
2026-01-02 17:15:02,281 - AttendanceService - INFO - Syncing 17 offline records...
2026-01-02 17:15:02,290 - APISync - ERROR - Batch sync failed. Status: 404
2026-01-02 17:15:03,292 - OfflineStorage - INFO - Cleared 0 synced records
